<?xml version="1.0" encoding="UTF-8"?>
<!-- Generated by org.testng.reporters.JUnitReportReporter -->
<testsuite skipped="0" hostname="Tanmayee" name="com.scp.dataProvider.TestNG" tests="4" failures="0" timestamp="16 Jul 2018 15:45:31 GMT" time="4.974" errors="0">
  <testcase name="authetication" time="0.000" classname="com.scp.dataProvider.TestNG"/>
  <testcase name="authetication" time="0.016" classname="com.scp.dataProvider.TestNG"/>
  <testcase name="authetication" time="4.943" classname="com.scp.dataProvider.TestNG"/>
  <testcase name="authetication" time="0.015" classname="com.scp.dataProvider.TestNG"/>
</testsuite> <!-- com.scp.dataProvider.TestNG -->
